<?xml version="1.0" encoding="UTF-8"?>
<beans xmlns="http://www.springframework.org/schema/beans"
	xmlns:mvc="http://www.springframework.org/schema/mvc" xmlns:xsi="http://www.w3.org/2001/XMLSchema-instance"
	xmlns:context="http://www.springframework.org/schema/context" xmlns:p="http://www.springframework.org/schema/p"
	xsi:schemaLocation="http://www.springframework.org/schema/beans    http://www.springframework.org/schema/beans/spring-beans-3.2.xsd
  http://www.springframework.org/schema/mvc    http://www.springframework.org/schema/mvc/spring-mvc-3.2.xsd
  http://www.springframework.org/schema/context    http://www.springframework.org/schema/context/spring-context-3.2.xsd">

	<bean name="orderService" id="orderService" class="org.mockito.Mockito" factory-method="mock">
		<constructor-arg value="co.uk.o2.orderexplorer.service.OrderService" />
	</bean>
	
	<bean name="dateUtils" id="dateUtils" class="org.mockito.Mockito" factory-method="mock">
		<constructor-arg value="co.uk.o2.orderexplorer.utils.DateUtils" />
	</bean>
	
	<context:component-scan base-package="co.uk.o2.orderexplorer.controller" />
	<mvc:annotation-driven />

	<bean id="velocityConfig"
		class="org.springframework.web.servlet.view.velocity.VelocityConfigurer">
		<property name="resourceLoaderPath" value="/WEB-INF/views/" />
	</bean>


	<bean id="viewResolver"
		class="org.springframework.web.servlet.view.velocity.VelocityLayoutViewResolver">
		<property name="cache" value="true" />
		<property name="prefix" value="" />
		<property name="suffix" value=".vm" />
	</bean>

	<mvc:resources mapping="/resources/**" location="WEB-INF/resources/" />

</beans>